<?xml version="1.0" encoding="UTF-8"?>
<coverage generated="1617024538095" clover="3.2.0">
  <project timestamp="1617024538095" name="All files">
    <metrics statements="32" coveredstatements="32" conditionals="30" coveredconditionals="30" methods="5" coveredmethods="5" elements="67" coveredelements="67" complexity="0" loc="32" ncloc="32" packages="1" files="3" classes="3"/>
    <file name="menu-item.js" path="/Users/fola.akinsanya/Documents/Multiverse/Bootcamp/Week2/Restaurant/src/menu-item.js">
      <metrics statements="7" coveredstatements="7" conditionals="6" coveredconditionals="6" methods="1" coveredmethods="1"/>
      <line num="3" count="5" type="cond" truecount="4" falsecount="0"/>
      <line num="4" count="4" type="stmt"/>
      <line num="7" count="1" type="stmt"/>
      <line num="9" count="4" type="cond" truecount="2" falsecount="0"/>
      <line num="10" count="1" type="stmt"/>
      <line num="13" count="3" type="stmt"/>
      <line num="17" count="3" type="stmt"/>
    </file>
    <file name="menu.js" path="/Users/fola.akinsanya/Documents/Multiverse/Bootcamp/Week2/Restaurant/src/menu.js">
      <metrics statements="11" coveredstatements="11" conditionals="10" coveredconditionals="10" methods="2" coveredmethods="2"/>
      <line num="1" count="2" type="stmt"/>
      <line num="5" count="8" type="stmt"/>
      <line num="6" count="8" type="cond" truecount="4" falsecount="0"/>
      <line num="7" count="7" type="stmt"/>
      <line num="10" count="1" type="stmt"/>
      <line num="12" count="7" type="cond" truecount="4" falsecount="0"/>
      <line num="13" count="2" type="stmt"/>
      <line num="16" count="5" type="stmt"/>
      <line num="20" count="2" type="cond" truecount="2" falsecount="0"/>
      <line num="21" count="1" type="stmt"/>
      <line num="24" count="2" type="stmt"/>
    </file>
    <file name="restaurant.js" path="/Users/fola.akinsanya/Documents/Multiverse/Bootcamp/Week2/Restaurant/src/restaurant.js">
      <metrics statements="14" coveredstatements="14" conditionals="14" coveredconditionals="14" methods="2" coveredmethods="2"/>
      <line num="1" count="1" type="stmt"/>
      <line num="5" count="8" type="stmt"/>
      <line num="6" count="8" type="cond" truecount="4" falsecount="0"/>
      <line num="7" count="7" type="stmt"/>
      <line num="10" count="1" type="stmt"/>
      <line num="12" count="7" type="cond" truecount="4" falsecount="0"/>
      <line num="13" count="6" type="stmt"/>
      <line num="16" count="1" type="stmt"/>
      <line num="18" count="6" type="cond" truecount="4" falsecount="0"/>
      <line num="19" count="5" type="stmt"/>
      <line num="22" count="1" type="stmt"/>
      <line num="26" count="2" type="cond" truecount="2" falsecount="0"/>
      <line num="27" count="1" type="stmt"/>
      <line num="30" count="1" type="stmt"/>
    </file>
  </project>
</coverage>
