{"/Users/fola.akinsanya/Documents/Multiverse/Bootcamp/Week2/Restaurant/src/menu-item.js": {"path":"/Users/fola.akinsanya/Documents/Multiverse/Bootcamp/Week2/Restaurant/src/menu-item.js","statementMap":{"0":{"start":{"line":3,"column":8},"end":{"line":8,"column":9}},"1":{"start":{"line":4,"column":12},"end":{"line":4,"column":27}},"2":{"start":{"line":7,"column":12},"end":{"line":7,"column":58}},"3":{"start":{"line":9,"column":8},"end":{"line":14,"column":9}},"4":{"start":{"line":10,"column":12},"end":{"line":10,"column":59}},"5":{"start":{"line":13,"column":12},"end":{"line":13,"column":29}},"6":{"start":{"line":17,"column":0},"end":{"line":17,"column":25}}},"fnMap":{"0":{"name":"(anonymous_0)","decl":{"start":{"line":2,"column":4},"end":{"line":2,"column":5}},"loc":{"start":{"line":2,"column":28},"end":{"line":15,"column":5}},"line":2}},"branchMap":{"0":{"loc":{"start":{"line":3,"column":8},"end":{"line":8,"column":9}},"type":"if","locations":[{"start":{"line":3,"column":8},"end":{"line":8,"column":9}},{"start":{"line":3,"column":8},"end":{"line":8,"column":9}}],"line":3},"1":{"loc":{"start":{"line":3,"column":12},"end":{"line":3,"column":55}},"type":"binary-expr","locations":[{"start":{"line":3,"column":12},"end":{"line":3,"column":36}},{"start":{"line":3,"column":40},"end":{"line":3,"column":55}}],"line":3},"2":{"loc":{"start":{"line":9,"column":8},"end":{"line":14,"column":9}},"type":"if","locations":[{"start":{"line":9,"column":8},"end":{"line":14,"column":9}},{"start":{"line":9,"column":8},"end":{"line":14,"column":9}}],"line":9}},"s":{"0":5,"1":4,"2":1,"3":4,"4":1,"5":3,"6":3},"f":{"0":5},"b":{"0":[4,1],"1":[5,5],"2":[1,3]},"_coverageSchema":"1a1c01bbd47fc00a2c39e90264f33305004495a9","hash":"3581411fb643d75845cf4b9f8993ca72e761fe6b"}
,"/Users/fola.akinsanya/Documents/Multiverse/Bootcamp/Week2/Restaurant/src/menu.js": {"path":"/Users/fola.akinsanya/Documents/Multiverse/Bootcamp/Week2/Restaurant/src/menu.js","statementMap":{"0":{"start":{"line":1,"column":17},"end":{"line":1,"column":39}},"1":{"start":{"line":5,"column":8},"end":{"line":5,"column":22}},"2":{"start":{"line":6,"column":8},"end":{"line":11,"column":9}},"3":{"start":{"line":7,"column":12},"end":{"line":7,"column":29}},"4":{"start":{"line":10,"column":12},"end":{"line":10,"column":54}},"5":{"start":{"line":12,"column":8},"end":{"line":17,"column":9}},"6":{"start":{"line":13,"column":12},"end":{"line":13,"column":58}},"7":{"start":{"line":16,"column":12},"end":{"line":16,"column":28}},"8":{"start":{"line":20,"column":8},"end":{"line":20,"column":104}},"9":{"start":{"line":20,"column":41},"end":{"line":20,"column":104}},"10":{"start":{"line":21,"column":8},"end":{"line":21,"column":30}},"11":{"start":{"line":24,"column":0},"end":{"line":24,"column":21}}},"fnMap":{"0":{"name":"(anonymous_0)","decl":{"start":{"line":4,"column":4},"end":{"line":4,"column":5}},"loc":{"start":{"line":4,"column":28},"end":{"line":18,"column":5}},"line":4},"1":{"name":"(anonymous_1)","decl":{"start":{"line":19,"column":4},"end":{"line":19,"column":5}},"loc":{"start":{"line":19,"column":18},"end":{"line":22,"column":9}},"line":19}},"branchMap":{"0":{"loc":{"start":{"line":6,"column":8},"end":{"line":11,"column":9}},"type":"if","locations":[{"start":{"line":6,"column":8},"end":{"line":11,"column":9}},{"start":{"line":6,"column":8},"end":{"line":11,"column":9}}],"line":6},"1":{"loc":{"start":{"line":6,"column":12},"end":{"line":6,"column":57}},"type":"binary-expr","locations":[{"start":{"line":6,"column":12},"end":{"line":6,"column":37}},{"start":{"line":6,"column":41},"end":{"line":6,"column":57}}],"line":6},"2":{"loc":{"start":{"line":12,"column":8},"end":{"line":17,"column":9}},"type":"if","locations":[{"start":{"line":12,"column":8},"end":{"line":17,"column":9}},{"start":{"line":12,"column":8},"end":{"line":17,"column":9}}],"line":12},"3":{"loc":{"start":{"line":12,"column":12},"end":{"line":12,"column":57}},"type":"binary-expr","locations":[{"start":{"line":12,"column":12},"end":{"line":12,"column":36}},{"start":{"line":12,"column":40},"end":{"line":12,"column":57}}],"line":12},"4":{"loc":{"start":{"line":20,"column":8},"end":{"line":20,"column":104}},"type":"if","locations":[{"start":{"line":20,"column":8},"end":{"line":20,"column":104}},{"start":{"line":20,"column":8},"end":{"line":20,"column":104}}],"line":20}},"s":{"0":2,"1":8,"2":8,"3":7,"4":1,"5":7,"6":2,"7":5,"8":2,"9":1,"10":1,"11":2},"f":{"0":8,"1":2},"b":{"0":[7,1],"1":[8,8],"2":[2,5],"3":[7,7],"4":[1,1]},"_coverageSchema":"1a1c01bbd47fc00a2c39e90264f33305004495a9","hash":"61c112f7b04fa62cdbe34f1051c3a5b1f269b8d2"}
,"/Users/fola.akinsanya/Documents/Multiverse/Bootcamp/Week2/Restaurant/src/restaurant.js": {"path":"/Users/fola.akinsanya/Documents/Multiverse/Bootcamp/Week2/Restaurant/src/restaurant.js","statementMap":{"0":{"start":{"line":1,"column":13},"end":{"line":1,"column":30}},"1":{"start":{"line":5,"column":8},"end":{"line":5,"column":23}},"2":{"start":{"line":6,"column":8},"end":{"line":11,"column":9}},"3":{"start":{"line":7,"column":12},"end":{"line":7,"column":27}},"4":{"start":{"line":10,"column":12},"end":{"line":10,"column":59}},"5":{"start":{"line":12,"column":8},"end":{"line":17,"column":9}},"6":{"start":{"line":13,"column":12},"end":{"line":13,"column":35}},"7":{"start":{"line":16,"column":12},"end":{"line":16,"column":64}},"8":{"start":{"line":18,"column":8},"end":{"line":23,"column":9}},"9":{"start":{"line":19,"column":12},"end":{"line":19,"column":27}},"10":{"start":{"line":22,"column":12},"end":{"line":22,"column":59}},"11":{"start":{"line":26,"column":4},"end":{"line":26,"column":92}},"12":{"start":{"line":26,"column":33},"end":{"line":26,"column":92}},"13":{"start":{"line":27,"column":4},"end":{"line":27,"column":26}},"14":{"start":{"line":30,"column":0},"end":{"line":30,"column":27}}},"fnMap":{"0":{"name":"(anonymous_0)","decl":{"start":{"line":4,"column":4},"end":{"line":4,"column":5}},"loc":{"start":{"line":4,"column":36},"end":{"line":24,"column":5}},"line":4},"1":{"name":"(anonymous_1)","decl":{"start":{"line":25,"column":4},"end":{"line":25,"column":5}},"loc":{"start":{"line":25,"column":18},"end":{"line":28,"column":5}},"line":25}},"branchMap":{"0":{"loc":{"start":{"line":6,"column":8},"end":{"line":11,"column":9}},"type":"if","locations":[{"start":{"line":6,"column":8},"end":{"line":11,"column":9}},{"start":{"line":6,"column":8},"end":{"line":11,"column":9}}],"line":6},"1":{"loc":{"start":{"line":6,"column":12},"end":{"line":6,"column":55}},"type":"binary-expr","locations":[{"start":{"line":6,"column":12},"end":{"line":6,"column":36}},{"start":{"line":6,"column":40},"end":{"line":6,"column":55}}],"line":6},"2":{"loc":{"start":{"line":12,"column":8},"end":{"line":17,"column":9}},"type":"if","locations":[{"start":{"line":12,"column":8},"end":{"line":17,"column":9}},{"start":{"line":12,"column":8},"end":{"line":17,"column":9}}],"line":12},"3":{"loc":{"start":{"line":12,"column":12},"end":{"line":12,"column":63}},"type":"binary-expr","locations":[{"start":{"line":12,"column":12},"end":{"line":12,"column":40}},{"start":{"line":12,"column":44},"end":{"line":12,"column":63}}],"line":12},"4":{"loc":{"start":{"line":18,"column":8},"end":{"line":23,"column":9}},"type":"if","locations":[{"start":{"line":18,"column":8},"end":{"line":23,"column":9}},{"start":{"line":18,"column":8},"end":{"line":23,"column":9}}],"line":18},"5":{"loc":{"start":{"line":18,"column":12},"end":{"line":18,"column":55}},"type":"binary-expr","locations":[{"start":{"line":18,"column":12},"end":{"line":18,"column":36}},{"start":{"line":18,"column":40},"end":{"line":18,"column":55}}],"line":18},"6":{"loc":{"start":{"line":26,"column":4},"end":{"line":26,"column":92}},"type":"if","locations":[{"start":{"line":26,"column":4},"end":{"line":26,"column":92}},{"start":{"line":26,"column":4},"end":{"line":26,"column":92}}],"line":26}},"s":{"0":1,"1":8,"2":8,"3":7,"4":1,"5":7,"6":6,"7":1,"8":6,"9":5,"10":1,"11":2,"12":1,"13":1,"14":1},"f":{"0":8,"1":2},"b":{"0":[7,1],"1":[8,8],"2":[6,1],"3":[7,7],"4":[5,1],"5":[6,6],"6":[1,1]},"_coverageSchema":"1a1c01bbd47fc00a2c39e90264f33305004495a9","hash":"d7a040d63d994ee0bec7994362444eea2d80d2d2"}
}
