TN:
SF:src/menu-item.js
FN:2,(anonymous_0)
FNF:1
FNH:1
FNDA:5,(anonymous_0)
DA:3,5
DA:4,4
DA:7,1
DA:9,4
DA:10,1
DA:13,3
DA:17,3
LF:7
LH:7
BRDA:3,0,0,4
BRDA:3,0,1,1
BRDA:3,1,0,5
BRDA:3,1,1,5
BRDA:9,2,0,1
BRDA:9,2,1,3
BRF:6
BRH:6
end_of_record
TN:
SF:src/menu.js
FN:4,(anonymous_0)
FN:19,(anonymous_1)
FNF:2
FNH:2
FNDA:8,(anonymous_0)
FNDA:2,(anonymous_1)
DA:1,2
DA:5,8
DA:6,8
DA:7,7
DA:10,1
DA:12,7
DA:13,2
DA:16,5
DA:20,2
DA:21,1
DA:24,2
LF:11
LH:11
BRDA:6,0,0,7
BRDA:6,0,1,1
BRDA:6,1,0,8
BRDA:6,1,1,8
BRDA:12,2,0,2
BRDA:12,2,1,5
BRDA:12,3,0,7
BRDA:12,3,1,7
BRDA:20,4,0,1
BRDA:20,4,1,1
BRF:10
BRH:10
end_of_record
TN:
SF:src/restaurant.js
FN:4,(anonymous_0)
FN:25,(anonymous_1)
FNF:2
FNH:2
FNDA:8,(anonymous_0)
FNDA:2,(anonymous_1)
DA:1,1
DA:5,8
DA:6,8
DA:7,7
DA:10,1
DA:12,7
DA:13,6
DA:16,1
DA:18,6
DA:19,5
DA:22,1
DA:26,2
DA:27,1
DA:30,1
LF:14
LH:14
BRDA:6,0,0,7
BRDA:6,0,1,1
BRDA:6,1,0,8
BRDA:6,1,1,8
BRDA:12,2,0,6
BRDA:12,2,1,1
BRDA:12,3,0,7
BRDA:12,3,1,7
BRDA:18,4,0,5
BRDA:18,4,1,1
BRDA:18,5,0,6
BRDA:18,5,1,6
BRDA:26,6,0,1
BRDA:26,6,1,1
BRF:14
BRH:14
end_of_record
